# JRE version: OpenJDK Runtime Environment Microsoft-8035246 (17.0.8+7) (build 17.0.8+7-LTS)
# Java VM: OpenJDK 64-Bit Server VM Microsoft-8035246 (17.0.8+7-LTS, mixed mode, sharing, tiered, compressed oops, compressed class ptrs, g1 gc, windows-amd64)
GC Precious Log:
 CPUs: 4 total, 4 available
 Memory: 8109M
 Large Page Support: Disabled
 NUMA Support: Disabled
 Compressed Oops: Enabled (32-bit)
 Heap Region Size: 1M
 Heap Min Capacity: 8M
 Heap Initial Capacity: 128M
 Heap Max Capacity: 2G
 Pre-touch: Disabled
 Parallel Workers: 4
 Concurrent Workers: 1
 Concurrent Refinement Workers: 4
 Periodic GC: Disabled
Heap:
 garbage-first heap   total 348160K, used 178608K [0x0000000080000000, 0x0000000100000000)
  region size 1024K, 29 young (29696K), 11 survivors (11264K)
 Metaspace       used 99378K, committed 100352K, reserved 557056K
  class space    used 13880K, committed 14336K, reserved 425984K
GC Heap History (20 events):
Event: 46.234 GC heap before
{Heap before GC invocations=37 (full 0):
 garbage-first heap   total 166912K, used 132971K [0x0000000080000000, 0x0000000100000000)
  region size 1024K, 47 young (48128K), 1 survivors (1024K)
 Metaspace       used 77092K, committed 77824K, reserved 557056K
  class space    used 10723K, committed 11072K, reserved 425984K
}
Event: 46.244 GC heap after
{Heap after GC invocations=38 (full 0):
 garbage-first heap   total 166912K, used 88248K [0x0000000080000000, 0x0000000100000000)
  region size 1024K, 3 young (3072K), 3 survivors (3072K)
 Metaspace       used 77092K, committed 77824K, reserved 557056K
  class space    used 10723K, committed 11072K, reserved 425984K
}
Event: 52.524 GC heap before
{Heap before GC invocations=39 (full 0):
 garbage-first heap   total 166912K, used 134328K [0x0000000080000000, 0x0000000100000000)
  region size 1024K, 48 young (49152K), 3 survivors (3072K)
 Metaspace       used 77412K, committed 78208K, reserved 557056K
  class space    used 10767K, committed 11136K, reserved 425984K
}
Event: 52.538 GC heap after
{Heap after GC invocations=40 (full 0):
 garbage-first heap   total 166912K, used 91439K [0x0000000080000000, 0x0000000100000000)
  region size 1024K, 6 young (6144K), 6 survivors (6144K)
 Metaspace       used 77412K, committed 78208K, reserved 557056K
  class space    used 10767K, committed 11136K, reserved 425984K
}
Event: 52.584 GC heap before
{Heap before GC invocations=40 (full 0):
 garbage-first heap   total 166912K, used 93487K [0x0000000080000000, 0x0000000100000000)
  region size 1024K, 8 young (8192K), 6 survivors (6144K)
 Metaspace       used 77574K, committed 78336K, reserved 557056K
  class space    used 10793K, committed 11136K, reserved 425984K
}
Event: 52.602 GC heap after
{Heap after GC invocations=41 (full 0):
 garbage-first heap   total 166912K, used 91519K [0x0000000080000000, 0x0000000100000000)
  region size 1024K, 1 young (1024K), 1 survivors (1024K)
 Metaspace       used 77574K, committed 78336K, reserved 557056K
  class space    used 10793K, committed 11136K, reserved 425984K
}
Event: 53.456 GC heap before
{Heap before GC invocations=41 (full 0):
 garbage-first heap   total 166912K, used 136575K [0x0000000080000000, 0x0000000100000000)
  region size 1024K, 44 young (45056K), 1 survivors (1024K)
 Metaspace       used 80433K, committed 81216K, reserved 557056K
  class space    used 11186K, committed 11520K, reserved 425984K
}
Event: 53.461 GC heap after
{Heap after GC invocations=42 (full 0):
 garbage-first heap   total 166912K, used 92242K [0x0000000080000000, 0x0000000100000000)
  region size 1024K, 2 young (2048K), 2 survivors (2048K)
 Metaspace       used 80433K, committed 81216K, reserved 557056K
  class space    used 11186K, committed 11520K, reserved 425984K
}
Event: 54.497 GC heap before
{Heap before GC invocations=43 (full 0):
 garbage-first heap   total 174080K, used 137298K [0x0000000080000000, 0x0000000100000000)
  region size 1024K, 46 young (47104K), 2 survivors (2048K)
 Metaspace       used 83603K, committed 84416K, reserved 557056K
  class space    used 11793K, committed 12160K, reserved 425984K
}
Event: 54.504 GC heap after
{Heap after GC invocations=44 (full 0):
 garbage-first heap   total 174080K, used 93718K [0x0000000080000000, 0x0000000100000000)
  region size 1024K, 3 young (3072K), 3 survivors (3072K)
 Metaspace       used 83603K, committed 84416K, reserved 557056K
  class space    used 11793K, committed 12160K, reserved 425984K
}
Event: 54.587 GC heap before
{Heap before GC invocations=44 (full 0):
 garbage-first heap   total 174080K, used 98838K [0x0000000080000000, 0x0000000100000000)
  region size 1024K, 8 young (8192K), 3 survivors (3072K)
 Metaspace       used 83959K, committed 84736K, reserved 557056K
  class space    used 11838K, committed 12224K, reserved 425984K
}
Event: 54.596 GC heap after
{Heap after GC invocations=45 (full 0):
 garbage-first heap   total 174080K, used 93731K [0x0000000080000000, 0x0000000100000000)
  region size 1024K, 1 young (1024K), 1 survivors (1024K)
 Metaspace       used 83959K, committed 84736K, reserved 557056K
  class space    used 11838K, committed 12224K, reserved 425984K
}
Event: 55.853 GC heap before
{Heap before GC invocations=45 (full 0):
 garbage-first heap   total 174080K, used 144931K [0x0000000080000000, 0x0000000100000000)
  region size 1024K, 52 young (53248K), 1 survivors (1024K)
 Metaspace       used 86126K, committed 86912K, reserved 557056K
  class space    used 12111K, committed 12480K, reserved 425984K
}
Event: 55.867 GC heap after
{Heap after GC invocations=46 (full 0):
 garbage-first heap   total 348160K, used 98168K [0x0000000080000000, 0x0000000100000000)
  region size 1024K, 5 young (5120K), 5 survivors (5120K)
 Metaspace       used 86126K, committed 86912K, reserved 557056K
  class space    used 12111K, committed 12480K, reserved 425984K
}
Event: 62.806 GC heap before
{Heap before GC invocations=46 (full 0):
 garbage-first heap   total 348160K, used 288632K [0x0000000080000000, 0x0000000100000000)
  region size 1024K, 182 young (186368K), 5 survivors (5120K)
 Metaspace       used 91442K, committed 92352K, reserved 557056K
  class space    used 12911K, committed 13376K, reserved 425984K
}
Event: 62.857 GC heap after
{Heap after GC invocations=47 (full 0):
 garbage-first heap   total 348160K, used 140284K [0x0000000080000000, 0x0000000100000000)
  region size 1024K, 23 young (23552K), 23 survivors (23552K)
 Metaspace       used 91442K, committed 92352K, reserved 557056K
  class space    used 12911K, committed 13376K, reserved 425984K
}
Event: 70.282 GC heap before
{Heap before GC invocations=47 (full 0):
 garbage-first heap   total 348160K, used 255996K [0x0000000080000000, 0x0000000100000000)
  region size 1024K, 136 young (139264K), 23 survivors (23552K)
 Metaspace       used 97783K, committed 98752K, reserved 557056K
  class space    used 13685K, committed 14144K, reserved 425984K
}
Event: 70.320 GC heap after
{Heap after GC invocations=48 (full 0):
 garbage-first heap   total 348160K, used 150016K [0x0000000080000000, 0x0000000100000000)
  region size 1024K, 9 young (9216K), 9 survivors (9216K)
 Metaspace       used 97783K, committed 98752K, reserved 557056K
  class space    used 13685K, committed 14144K, reserved 425984K
}
Event: 73.995 GC heap before
{Heap before GC invocations=48 (full 0):
 garbage-first heap   total 348160K, used 264704K [0x0000000080000000, 0x0000000100000000)
  region size 1024K, 122 young (124928K), 9 survivors (9216K)
 Metaspace       used 99375K, committed 100352K, reserved 557056K
  class space    used 13879K, committed 14336K, reserved 425984K
}
Event: 74.032 GC heap after
{Heap after GC invocations=49 (full 0):
 garbage-first heap   total 348160K, used 161200K [0x0000000080000000, 0x0000000100000000)
  region size 1024K, 11 young (11264K), 11 survivors (11264K)
 Metaspace       used 99375K, committed 100352K, reserved 557056K
  class space    used 13879K, committed 14336K, reserved 425984K
}

