# JRE version: OpenJDK Runtime Environment Microsoft-8035246 (17.0.8+7) (build 17.0.8+7-LTS)
# Java VM: OpenJDK 64-Bit Server VM Microsoft-8035246 (17.0.8+7-LTS, mixed mode, sharing, tiered, compressed oops, compressed class ptrs, g1 gc, windows-amd64)
GC Precious Log:
 CPUs: 4 total, 4 available
 Memory: 8109M
 Large Page Support: Disabled
 NUMA Support: Disabled
 Compressed Oops: Enabled (32-bit)
 Heap Region Size: 1M
 Heap Min Capacity: 8M
 Heap Initial Capacity: 128M
 Heap Max Capacity: 2G
 Pre-touch: Disabled
 Parallel Workers: 4
 Concurrent Workers: 1
 Concurrent Refinement Workers: 4
 Periodic GC: Disabled
Heap:
 garbage-first heap   total 263168K, used 172355K [0x0000000080000000, 0x0000000100000000)
  region size 1024K, 20 young (20480K), 8 survivors (8192K)
 Metaspace       used 112344K, committed 113408K, reserved 557056K
  class space    used 15486K, committed 15936K, reserved 425984K
GC Heap History (20 events):
Event: 38.888 GC heap before
{Heap before GC invocations=39 (full 0):
 garbage-first heap   total 260096K, used 194788K [0x0000000080000000, 0x0000000100000000)
  region size 1024K, 103 young (105472K), 9 survivors (9216K)
 Metaspace       used 100167K, committed 101056K, reserved 557056K
  class space    used 13879K, committed 14272K, reserved 425984K
}
Event: 38.907 GC heap after
{Heap after GC invocations=40 (full 0):
 garbage-first heap   total 260096K, used 106318K [0x0000000080000000, 0x0000000100000000)
  region size 1024K, 12 young (12288K), 12 survivors (12288K)
 Metaspace       used 100167K, committed 101056K, reserved 557056K
  class space    used 13879K, committed 14272K, reserved 425984K
}
Event: 41.691 GC heap before
{Heap before GC invocations=40 (full 0):
 garbage-first heap   total 260096K, used 203598K [0x0000000080000000, 0x0000000100000000)
  region size 1024K, 102 young (104448K), 12 survivors (12288K)
 Metaspace       used 101998K, committed 102912K, reserved 557056K
  class space    used 14127K, committed 14528K, reserved 425984K
}
Event: 41.721 GC heap after
{Heap after GC invocations=41 (full 0):
 garbage-first heap   total 260096K, used 130918K [0x0000000080000000, 0x0000000100000000)
  region size 1024K, 13 young (13312K), 13 survivors (13312K)
 Metaspace       used 101998K, committed 102912K, reserved 557056K
  class space    used 14127K, committed 14528K, reserved 425984K
}
Event: 42.103 GC heap before
{Heap before GC invocations=41 (full 0):
 garbage-first heap   total 260096K, used 143206K [0x0000000080000000, 0x0000000100000000)
  region size 1024K, 27 young (27648K), 13 survivors (13312K)
 Metaspace       used 102081K, committed 103040K, reserved 557056K
  class space    used 14133K, committed 14528K, reserved 425984K
}
Event: 42.120 GC heap after
{Heap after GC invocations=42 (full 0):
 garbage-first heap   total 260096K, used 135168K [0x0000000080000000, 0x0000000100000000)
  region size 1024K, 3 young (3072K), 3 survivors (3072K)
 Metaspace       used 102081K, committed 103040K, reserved 557056K
  class space    used 14133K, committed 14528K, reserved 425984K
}
Event: 43.750 GC heap before
{Heap before GC invocations=43 (full 0):
 garbage-first heap   total 260096K, used 200704K [0x0000000080000000, 0x0000000100000000)
  region size 1024K, 65 young (66560K), 3 survivors (3072K)
 Metaspace       used 105555K, committed 106560K, reserved 557056K
  class space    used 14663K, committed 15104K, reserved 425984K
}
Event: 43.764 GC heap after
{Heap after GC invocations=44 (full 0):
 garbage-first heap   total 260096K, used 143360K [0x0000000080000000, 0x0000000100000000)
  region size 1024K, 9 young (9216K), 9 survivors (9216K)
 Metaspace       used 105555K, committed 106560K, reserved 557056K
  class space    used 14663K, committed 15104K, reserved 425984K
}
Event: 43.849 GC heap before
{Heap before GC invocations=44 (full 0):
 garbage-first heap   total 260096K, used 146432K [0x0000000080000000, 0x0000000100000000)
  region size 1024K, 12 young (12288K), 9 survivors (9216K)
 Metaspace       used 105788K, committed 106752K, reserved 557056K
  class space    used 14697K, committed 15104K, reserved 425984K
}
Event: 43.861 GC heap after
{Heap after GC invocations=45 (full 0):
 garbage-first heap   total 260096K, used 143761K [0x0000000080000000, 0x0000000100000000)
  region size 1024K, 1 young (1024K), 1 survivors (1024K)
 Metaspace       used 105788K, committed 106752K, reserved 557056K
  class space    used 14697K, committed 15104K, reserved 425984K
}
Event: 45.587 GC heap before
{Heap before GC invocations=45 (full 0):
 garbage-first heap   total 260096K, used 203153K [0x0000000080000000, 0x0000000100000000)
  region size 1024K, 59 young (60416K), 1 survivors (1024K)
 Metaspace       used 109665K, committed 110720K, reserved 557056K
  class space    used 15172K, committed 15616K, reserved 425984K
}
Event: 45.598 GC heap after
{Heap after GC invocations=46 (full 0):
 garbage-first heap   total 260096K, used 146919K [0x0000000080000000, 0x0000000100000000)
  region size 1024K, 5 young (5120K), 5 survivors (5120K)
 Metaspace       used 109665K, committed 110720K, reserved 557056K
  class space    used 15172K, committed 15616K, reserved 425984K
}
Event: 47.156 GC heap before
{Heap before GC invocations=47 (full 0):
 garbage-first heap   total 263168K, used 206311K [0x0000000080000000, 0x0000000100000000)
  region size 1024K, 63 young (64512K), 5 survivors (5120K)
 Metaspace       used 110878K, committed 111872K, reserved 557056K
  class space    used 15300K, committed 15744K, reserved 425984K
}
Event: 47.177 GC heap after
{Heap after GC invocations=48 (full 0):
 garbage-first heap   total 263168K, used 152415K [0x0000000080000000, 0x0000000100000000)
  region size 1024K, 8 young (8192K), 8 survivors (8192K)
 Metaspace       used 110878K, committed 111872K, reserved 557056K
  class space    used 15300K, committed 15744K, reserved 425984K
}
Event: 47.255 GC heap before
{Heap before GC invocations=48 (full 0):
 garbage-first heap   total 263168K, used 156511K [0x0000000080000000, 0x0000000100000000)
  region size 1024K, 12 young (12288K), 8 survivors (8192K)
 Metaspace       used 110996K, committed 112000K, reserved 557056K
  class space    used 15315K, committed 15744K, reserved 425984K
}
Event: 47.269 GC heap after
{Heap after GC invocations=49 (full 0):
 garbage-first heap   total 263168K, used 152918K [0x0000000080000000, 0x0000000100000000)
  region size 1024K, 2 young (2048K), 2 survivors (2048K)
 Metaspace       used 110996K, committed 112000K, reserved 557056K
  class space    used 15315K, committed 15744K, reserved 425984K
}
Event: 48.462 GC heap before
{Heap before GC invocations=49 (full 0):
 garbage-first heap   total 263168K, used 211286K [0x0000000080000000, 0x0000000100000000)
  region size 1024K, 60 young (61440K), 2 survivors (2048K)
 Metaspace       used 112040K, committed 113088K, reserved 557056K
  class space    used 15441K, committed 15936K, reserved 425984K
}
Event: 48.472 GC heap after
{Heap after GC invocations=50 (full 0):
 garbage-first heap   total 263168K, used 156417K [0x0000000080000000, 0x0000000100000000)
  region size 1024K, 5 young (5120K), 5 survivors (5120K)
 Metaspace       used 112040K, committed 113088K, reserved 557056K
  class space    used 15441K, committed 15936K, reserved 425984K
}
Event: 49.766 GC heap before
{Heap before GC invocations=50 (full 0):
 garbage-first heap   total 263168K, used 214785K [0x0000000080000000, 0x0000000100000000)
  region size 1024K, 63 young (64512K), 5 survivors (5120K)
 Metaspace       used 112342K, committed 113408K, reserved 557056K
  class space    used 15486K, committed 15936K, reserved 425984K
}
Event: 49.778 GC heap after
{Heap after GC invocations=51 (full 0):
 garbage-first heap   total 263168K, used 161091K [0x0000000080000000, 0x0000000100000000)
  region size 1024K, 8 young (8192K), 8 survivors (8192K)
 Metaspace       used 112342K, committed 113408K, reserved 557056K
  class space    used 15486K, committed 15936K, reserved 425984K
}

